# JRE version: OpenJDK Runtime Environment (11.0.10) (build 11.0.10+0-b96-7249189)
# Java VM: OpenJDK 64-Bit Server VM (11.0.10+0-b96-7249189, mixed mode, tiered, compressed oops, g1 gc, windows-amd64)
Heap:
 garbage-first heap   total 126976K, used 19205K [0x0000000085a00000, 0x0000000100000000)
  region size 1024K, 13 young (13312K), 3 survivors (3072K)
 Metaspace       used 16589K, capacity 16860K, committed 17152K, reserved 1064960K
  class space    used 1820K, capacity 1942K, committed 2048K, reserved 1048576K
GC Heap History (12 events):
Event: 6.956 GC heap before
{Heap before GC invocations=0 (full 0):
 garbage-first heap   total 126976K, used 19456K [0x0000000085a00000, 0x0000000100000000)
  region size 1024K, 14 young (14336K), 0 survivors (0K)
 Metaspace       used 8197K, capacity 8407K, committed 8576K, reserved 1056768K
  class space    used 752K, capacity 820K, committed 896K, reserved 1048576K
}
Event: 6.966 GC heap after
{Heap after GC invocations=1 (full 0):
 garbage-first heap   total 126976K, used 7849K [0x0000000085a00000, 0x0000000100000000)
  region size 1024K, 2 young (2048K), 2 survivors (2048K)
 Metaspace       used 8197K, capacity 8407K, committed 8576K, reserved 1056768K
  class space    used 752K, capacity 820K, committed 896K, reserved 1048576K
}
Event: 7.368 GC heap before
{Heap before GC invocations=1 (full 0):
 garbage-first heap   total 126976K, used 18089K [0x0000000085a00000, 0x0000000100000000)
  region size 1024K, 12 young (12288K), 2 survivors (2048K)
 Metaspace       used 11229K, capacity 11432K, committed 11648K, reserved 1058816K
  class space    used 1228K, capacity 1301K, committed 1408K, reserved 1048576K
}
Event: 7.370 GC heap after
{Heap after GC invocations=2 (full 0):
 garbage-first heap   total 126976K, used 8570K [0x0000000085a00000, 0x0000000100000000)
  region size 1024K, 1 young (1024K), 1 survivors (1024K)
 Metaspace       used 11229K, capacity 11432K, committed 11648K, reserved 1058816K
  class space    used 1228K, capacity 1301K, committed 1408K, reserved 1048576K
}
Event: 53.068 GC heap before
{Heap before GC invocations=2 (full 0):
 garbage-first heap   total 126976K, used 37242K [0x0000000085a00000, 0x0000000100000000)
  region size 1024K, 29 young (29696K), 1 survivors (1024K)
 Metaspace       used 16224K, capacity 16533K, committed 16640K, reserved 1064960K
  class space    used 1817K, capacity 1941K, committed 2048K, reserved 1048576K
}
Event: 53.073 GC heap after
{Heap after GC invocations=3 (full 0):
 garbage-first heap   total 126976K, used 9824K [0x0000000085a00000, 0x0000000100000000)
  region size 1024K, 2 young (2048K), 2 survivors (2048K)
 Metaspace       used 16224K, capacity 16533K, committed 16640K, reserved 1064960K
  class space    used 1817K, capacity 1941K, committed 2048K, reserved 1048576K
}
Event: 119.175 GC heap before
{Heap before GC invocations=3 (full 0):
 garbage-first heap   total 126976K, used 50784K [0x0000000085a00000, 0x0000000100000000)
  region size 1024K, 42 young (43008K), 2 survivors (2048K)
 Metaspace       used 16311K, capacity 16604K, committed 16896K, reserved 1064960K
  class space    used 1818K, capacity 1942K, committed 2048K, reserved 1048576K
}
Event: 119.180 GC heap after
{Heap after GC invocations=4 (full 0):
 garbage-first heap   total 126976K, used 9892K [0x0000000085a00000, 0x0000000100000000)
  region size 1024K, 2 young (2048K), 2 survivors (2048K)
 Metaspace       used 16311K, capacity 16604K, committed 16896K, reserved 1064960K
  class space    used 1818K, capacity 1942K, committed 2048K, reserved 1048576K
}
Event: 230.198 GC heap before
{Heap before GC invocations=4 (full 0):
 garbage-first heap   total 126976K, used 65188K [0x0000000085a00000, 0x0000000100000000)
  region size 1024K, 56 young (57344K), 2 survivors (2048K)
 Metaspace       used 16418K, capacity 16732K, committed 16896K, reserved 1064960K
  class space    used 1818K, capacity 1942K, committed 2048K, reserved 1048576K
}
Event: 230.205 GC heap after
{Heap after GC invocations=5 (full 0):
 garbage-first heap   total 126976K, used 10077K [0x0000000085a00000, 0x0000000100000000)
  region size 1024K, 3 young (3072K), 3 survivors (3072K)
 Metaspace       used 16418K, capacity 16732K, committed 16896K, reserved 1064960K
  class space    used 1818K, capacity 1942K, committed 2048K, reserved 1048576K
}
Event: 449.448 GC heap before
{Heap before GC invocations=5 (full 0):
 garbage-first heap   total 126976K, used 75613K [0x0000000085a00000, 0x0000000100000000)
  region size 1024K, 67 young (68608K), 3 survivors (3072K)
 Metaspace       used 16575K, capacity 16860K, committed 17152K, reserved 1064960K
  class space    used 1820K, capacity 1942K, committed 2048K, reserved 1048576K
}
Event: 450.343 GC heap after
{Heap after GC invocations=6 (full 0):
 garbage-first heap   total 126976K, used 9989K [0x0000000085a00000, 0x0000000100000000)
  region size 1024K, 3 young (3072K), 3 survivors (3072K)
 Metaspace       used 16575K, capacity 16860K, committed 17152K, reserved 1064960K
  class space    used 1820K, capacity 1942K, committed 2048K, reserved 1048576K
}

